TN:
SF:server.js
FNF:0
FNH:0
DA:1,1
DA:2,1
DA:3,1
DA:4,1
DA:5,1
DA:6,1
DA:7,1
DA:8,1
DA:9,1
DA:10,1
DA:11,1
DA:12,1
DA:13,0
DA:14,0
DA:15,0
DA:16,0
LF:16
LH:12
BRDA:1,0,0,1
BRDA:12,1,0,0
BRF:2
BRH:1
end_of_record
TN:
SF:controllers\notesController.js
FN:3,exports.createNote
FN:31,exports.getAllNotes
FN:35,exports.getNoteById
FN:41,exports.updateNote
FN:59,exports.deleteNote
FNF:5
FNH:5
FNDA:15,exports.createNote
FNDA:1,exports.getAllNotes
FNDA:1,exports.getNoteById
FNDA:3,exports.updateNote
FNDA:3,exports.deleteNote
DA:1,1
DA:2,1
DA:3,1
DA:4,15
DA:5,15
DA:6,15
DA:7,15
DA:8,15
DA:9,15
DA:10,15
DA:11,15
DA:12,10
DA:13,10
DA:14,5
DA:15,5
DA:16,5
DA:17,5
DA:18,5
DA:19,5
DA:20,5
DA:21,5
DA:22,5
DA:23,5
DA:24,5
DA:25,5
DA:26,5
DA:27,5
DA:28,5
DA:29,1
DA:30,1
DA:31,1
DA:32,1
DA:33,1
DA:34,1
DA:35,1
DA:36,1
DA:37,1
DA:38,0
DA:39,1
DA:40,1
DA:41,1
DA:42,3
DA:43,3
DA:44,3
DA:45,3
DA:46,3
DA:47,2
DA:48,3
DA:49,3
DA:50,2
DA:51,3
DA:52,3
DA:53,2
DA:54,2
DA:55,2
DA:56,2
DA:57,2
DA:58,1
DA:59,1
DA:60,3
DA:61,3
DA:62,3
DA:63,3
DA:64,2
DA:65,2
DA:66,2
DA:67,2
DA:68,2
DA:69,1
LF:69
LH:68
BRDA:1,0,0,1
BRDA:3,1,0,15
BRDA:7,2,0,12
BRDA:7,3,0,11
BRDA:8,4,0,9
BRDA:9,5,0,8
BRDA:10,6,0,6
BRDA:11,7,0,10
BRDA:14,8,0,5
BRDA:31,9,0,1
BRDA:35,10,0,1
BRDA:38,11,0,0
BRDA:36,12,0,21
BRDA:41,13,0,3
BRDA:45,14,0,1
BRDA:46,15,0,2
BRDA:46,16,0,0
BRDA:47,17,0,2
BRDA:48,18,0,2
BRDA:49,19,0,2
BRDA:51,20,0,2
BRDA:52,21,0,2
BRDA:43,22,0,70
BRDA:59,23,0,3
BRDA:63,24,0,1
BRDA:64,25,0,2
BRDA:61,26,0,69
BRF:27
BRH:25
end_of_record
TN:
SF:routes\notesRoutes.js
FNF:0
FNH:0
DA:1,1
DA:2,1
DA:3,1
DA:4,1
DA:5,1
DA:6,1
DA:7,1
DA:8,1
DA:9,1
DA:10,1
DA:11,1
DA:12,1
LF:12
LH:12
BRDA:1,0,0,1
BRF:1
BRH:1
end_of_record
TN:
SF:services\notesService.js
FN:5,getNotes
FN:10,save
FN:14,getNoteById
FNF:3
FNH:2
FNDA:13,getNotes
FNDA:9,save
FNDA:0,getNoteById
DA:1,1
DA:2,1
DA:3,1
DA:4,1
DA:5,13
DA:6,13
DA:7,13
DA:8,13
DA:9,1
DA:10,9
DA:11,9
DA:12,9
DA:13,1
DA:14,0
DA:15,0
DA:16,0
DA:17,0
DA:18,1
DA:19,1
DA:20,1
DA:21,1
DA:22,1
DA:23,1
LF:23
LH:19
BRDA:1,0,0,1
BRDA:5,1,0,13
BRDA:7,2,0,0
BRDA:10,3,0,9
BRF:4
BRH:3
end_of_record
